Assembler report for lgdst_rxglue
Mon Nov 21 16:17:36 2016
Quartus Prime Version 15.1.0 Build 185 10/21/2015 SJ Standard Edition


---------------------
; Table of Contents ;
---------------------
  1. Legal Notice
  2. Assembler Summary
  3. Assembler Settings
  4. Assembler Encrypted IP Cores Summary
  5. Assembler Generated Files
  6. Assembler Device Options: D:/sncvs/cpld/working/rxcpld161013_v2_max10/syn/output_files/lgdst_rxglue.sof
  7. Assembler Messages



----------------
; Legal Notice ;
----------------
Copyright (C) 1991-2015 Altera Corporation. All rights reserved.
Your use of Altera Corporation's design tools, logic functions 
and other software and tools, and its AMPP partner logic 
functions, and any output files from any of the foregoing 
(including device programming or simulation files), and any 
associated documentation or information are expressly subject 
to the terms and conditions of the Altera Program License 
Subscription Agreement, the Altera Quartus Prime License Agreement,
the Altera MegaCore Function License Agreement, or other 
applicable license agreement, including, without limitation, 
that your use is for the sole purpose of programming logic 
devices manufactured by Altera and sold by Altera or its 
authorized distributors.  Please refer to the applicable 
agreement for further details.



+---------------------------------------------------------------+
; Assembler Summary                                             ;
+-----------------------+---------------------------------------+
; Assembler Status      ; Successful - Mon Nov 21 16:17:36 2016 ;
; Revision Name         ; lgdst_rxglue                          ;
; Top-level Entity Name ; lgdst_rxglue                          ;
; Family                ; MAX 10                                ;
; Device                ; 10M02SCM153C8G                        ;
+-----------------------+---------------------------------------+


+----------------------------------+
; Assembler Settings               ;
+--------+---------+---------------+
; Option ; Setting ; Default Value ;
+--------+---------+---------------+


+---------------------------------------------+
; Assembler Encrypted IP Cores Summary        ;
+--------+---------------------+--------------+
; Vendor ; IP Core Name        ; License Type ;
+--------+---------------------+--------------+
; Altera ; Unknown (6AF7 FFFF) ; Licensed     ;
+--------+---------------------+--------------+


+-------------------------------------------------------------------------------+
; Assembler Generated Files                                                     ;
+-------------------------------------------------------------------------------+
; File Name                                                                     ;
+-------------------------------------------------------------------------------+
; D:/sncvs/cpld/working/rxcpld161013_v2_max10/syn/output_files/lgdst_rxglue.sof ;
+-------------------------------------------------------------------------------+


+---------------------------------------------------------------------------------------------------------+
; Assembler Device Options: D:/sncvs/cpld/working/rxcpld161013_v2_max10/syn/output_files/lgdst_rxglue.sof ;
+----------------+----------------------------------------------------------------------------------------+
; Option         ; Setting                                                                                ;
+----------------+----------------------------------------------------------------------------------------+
; Device         ; 10M02SCM153C8G                                                                         ;
; JTAG usercode  ; 0x000AA532                                                                             ;
; Checksum       ; 0x000AA532                                                                             ;
+----------------+----------------------------------------------------------------------------------------+


+--------------------+
; Assembler Messages ;
+--------------------+
Info: *******************************************************************
Info: Running Quartus Prime Assembler
    Info: Version 15.1.0 Build 185 10/21/2015 SJ Standard Edition
    Info: Processing started: Mon Nov 21 16:17:35 2016
Info: Command: quartus_asm --read_settings_files=off --write_settings_files=off lgdst_rxglue -c lgdst_rxglue
Info (115031): Writing out detailed assembly data for power analysis
Info (115030): Assembler is generating device programming files
Info: Quartus Prime Assembler was successful. 0 errors, 0 warnings
    Info: Peak virtual memory: 742 megabytes
    Info: Processing ended: Mon Nov 21 16:17:36 2016
    Info: Elapsed time: 00:00:01
    Info: Total CPU time (on all processors): 00:00:01


