Flow report for lgdst_rxglue
Mon Nov 21 16:17:54 2016
Quartus Prime Version 15.1.0 Build 185 10/21/2015 SJ Standard Edition


---------------------
; Table of Contents ;
---------------------
  1. Legal Notice
  2. Flow Summary
  3. Flow Settings
  4. Flow Non-Default Global Settings
  5. Flow Elapsed Time
  6. Flow OS Summary
  7. Flow Log
  8. Flow Messages
  9. Flow Suppressed Messages



----------------
; Legal Notice ;
----------------
Copyright (C) 1991-2015 Altera Corporation. All rights reserved.
Your use of Altera Corporation's design tools, logic functions 
and other software and tools, and its AMPP partner logic 
functions, and any output files from any of the foregoing 
(including device programming or simulation files), and any 
associated documentation or information are expressly subject 
to the terms and conditions of the Altera Program License 
Subscription Agreement, the Altera Quartus Prime License Agreement,
the Altera MegaCore Function License Agreement, or other 
applicable license agreement, including, without limitation, 
that your use is for the sole purpose of programming logic 
devices manufactured by Altera and sold by Altera or its 
authorized distributors.  Please refer to the applicable 
agreement for further details.



+--------------------------------------------------------------------------------------+
; Flow Summary                                                                         ;
+------------------------------------+-------------------------------------------------+
; Flow Status                        ; Successful - Mon Nov 21 16:17:54 2016           ;
; Quartus Prime Version              ; 15.1.0 Build 185 10/21/2015 SJ Standard Edition ;
; Revision Name                      ; lgdst_rxglue                                    ;
; Top-level Entity Name              ; lgdst_rxglue                                    ;
; Family                             ; MAX 10                                          ;
; Device                             ; 10M02SCM153C8G                                  ;
; Timing Models                      ; Final                                           ;
; Total logic elements               ; 774 / 2,304 ( 34 % )                            ;
;     Total combinational functions  ; 644 / 2,304 ( 28 % )                            ;
;     Dedicated logic registers      ; 471 / 2,304 ( 20 % )                            ;
; Total registers                    ; 471                                             ;
; Total pins                         ; 38 / 112 ( 34 % )                               ;
; Total virtual pins                 ; 0                                               ;
; Total memory bits                  ; 0 / 110,592 ( 0 % )                             ;
; Embedded Multiplier 9-bit elements ; 0 / 32 ( 0 % )                                  ;
; Total PLLs                         ; 1 / 1 ( 100 % )                                 ;
; UFM blocks                         ; 1 / 1 ( 100 % )                                 ;
; ADC blocks                         ; 0                                               ;
+------------------------------------+-------------------------------------------------+


+-----------------------------------------+
; Flow Settings                           ;
+-------------------+---------------------+
; Option            ; Setting             ;
+-------------------+---------------------+
; Start date & time ; 11/21/2016 16:17:04 ;
; Main task         ; Compilation         ;
; Revision Name     ; lgdst_rxglue        ;
+-------------------+---------------------+


+-------------------------------------------------------------------------------------------------------------------------------------------------------------+
; Flow Non-Default Global Settings                                                                                                                            ;
+-----------------------------------------+----------------------------------------------------------------+---------------+--------------+-------------------+
; Assignment Name                         ; Value                                                          ; Default Value ; Entity Name  ; Section Id        ;
+-----------------------------------------+----------------------------------------------------------------+---------------+--------------+-------------------+
; ALM_REGISTER_PACKING_EFFORT             ; High                                                           ; Medium        ; --           ; --                ;
; AUTO_PACKED_REGISTERS_MAX               ; Normal                                                         ; Auto          ; --           ; --                ;
; AUTO_RESOURCE_SHARING                   ; On                                                             ; Off           ; --           ; --                ;
; COMPILER_SIGNATURE_ID                   ; 93047527513461.147977382404008                                 ; --            ; --           ; --                ;
; EDA_DESIGN_INSTANCE_NAME                ; NA                                                             ; --            ; --           ; test_lgdst_rxglue ;
; EDA_NATIVELINK_SIMULATION_TEST_BENCH    ; test_lgdst_rxglue                                              ; --            ; --           ; eda_simulation    ;
; EDA_OUTPUT_DATA_FORMAT                  ; Verilog Hdl                                                    ; --            ; --           ; eda_simulation    ;
; EDA_SIMULATION_TOOL                     ; ModelSim-Altera (Verilog)                                      ; <None>        ; --           ; --                ;
; EDA_TEST_BENCH_ENABLE_STATUS            ; TEST_BENCH_MODE                                                ; --            ; --           ; eda_simulation    ;
; EDA_TEST_BENCH_FILE                     ; ../testbench/test_lgdst_rxglue.v                               ; --            ; --           ; test_lgdst_rxglue ;
; EDA_TEST_BENCH_MODULE_NAME              ; test_lgdst_rxglue                                              ; --            ; --           ; test_lgdst_rxglue ;
; EDA_TEST_BENCH_NAME                     ; test_lgdst_rxglue                                              ; --            ; --           ; eda_simulation    ;
; EDA_TIME_SCALE                          ; 1 ps                                                           ; --            ; --           ; eda_simulation    ;
; ENABLE_SIGNALTAP                        ; On                                                             ; --            ; --           ; --                ;
; FLOW_ENABLE_POWER_ANALYZER              ; On                                                             ; Off           ; --           ; --                ;
; MAX_CORE_JUNCTION_TEMP                  ; 85                                                             ; --            ; --           ; --                ;
; MIN_CORE_JUNCTION_TEMP                  ; 0                                                              ; --            ; --           ; --                ;
; MISC_FILE                               ; onchip_flash/synthesis/../onchip_flash.cmp                     ; --            ; --           ; --                ;
; MISC_FILE                               ; onchip_flash/synthesis/../../onchip_flash.qsys                 ; --            ; --           ; --                ;
; MISC_FILE                               ; flash_pll_bb.v                                                 ; --            ; --           ; --                ;
; MISC_FILE                               ; flash_pll.ppf                                                  ; --            ; --           ; --                ;
; OPTIMIZATION_MODE                       ; Aggressive Area                                                ; Balanced      ; --           ; --                ;
; OPTIMIZATION_TECHNIQUE                  ; Area                                                           ; Balanced      ; --           ; --                ;
; PARTITION_COLOR                         ; 16764057                                                       ; --            ; --           ; Top               ;
; PARTITION_FITTER_PRESERVATION_LEVEL     ; PLACEMENT_AND_ROUTING                                          ; --            ; --           ; Top               ;
; PARTITION_NETLIST_TYPE                  ; SOURCE                                                         ; --            ; --           ; Top               ;
; PHYSICAL_SYNTHESIS_COMBO_LOGIC_FOR_AREA ; On                                                             ; Off           ; --           ; --                ;
; POWER_BOARD_THERMAL_MODEL               ; None (CONSERVATIVE)                                            ; --            ; --           ; --                ;
; POWER_DEFAULT_INPUT_IO_TOGGLE_RATE      ; 12.5 %                                                         ; 12.5%         ; --           ; --                ;
; POWER_PRESET_COOLING_SOLUTION           ; No Heat Sink With Still Air                                    ; --            ; --           ; --                ;
; PRE_FLOW_SCRIPT_FILE                    ; quartus_sh:build_options.tcl                                   ; --            ; --           ; --                ;
; PROJECT_OUTPUT_DIRECTORY                ; output_files                                                   ; --            ; --           ; --                ;
; SLD_FILE                                ; onchip_flash/synthesis/onchip_flash.debuginfo                  ; --            ; --           ; --                ;
; SLD_INFO                                ; QSYS_NAME onchip_flash HAS_SOPCINFO 1 GENERATION_ID 1476415765 ; --            ; onchip_flash ; --                ;
; SOPCINFO_FILE                           ; onchip_flash/synthesis/../../onchip_flash.sopcinfo             ; --            ; --           ; --                ;
; SYNTHESIS_ONLY_QIP                      ; On                                                             ; --            ; --           ; --                ;
; USE_SIGNALTAP_FILE                      ; stp_files/clk_test.stp                                         ; --            ; --           ; --                ;
+-----------------------------------------+----------------------------------------------------------------+---------------+--------------+-------------------+


+-------------------------------------------------------------------------------------------------------------------------------+
; Flow Elapsed Time                                                                                                             ;
+---------------------------+--------------+-------------------------+---------------------+------------------------------------+
; Module Name               ; Elapsed Time ; Average Processors Used ; Peak Virtual Memory ; Total CPU Time (on all processors) ;
+---------------------------+--------------+-------------------------+---------------------+------------------------------------+
; Analysis & Synthesis      ; 00:00:11     ; 1.0                     ; 852 MB              ; 00:00:21                           ;
; Fitter                    ; 00:00:12     ; 1.0                     ; 1695 MB             ; 00:00:16                           ;
; Assembler                 ; 00:00:01     ; 1.0                     ; 742 MB              ; 00:00:01                           ;
; PowerPlay Power Analyzer  ; 00:00:02     ; 1.0                     ; 898 MB              ; 00:00:03                           ;
; TimeQuest Timing Analyzer ; 00:00:03     ; 1.0                     ; 872 MB              ; 00:00:03                           ;
; EDA Netlist Writer        ; 00:00:01     ; 1.0                     ; 722 MB              ; 00:00:01                           ;
; Total                     ; 00:00:30     ; --                      ; --                  ; 00:00:45                           ;
+---------------------------+--------------+-------------------------+---------------------+------------------------------------+


+----------------------------------------------------------------------------------------+
; Flow OS Summary                                                                        ;
+---------------------------+------------------+-----------+------------+----------------+
; Module Name               ; Machine Hostname ; OS Name   ; OS Version ; Processor type ;
+---------------------------+------------------+-----------+------------+----------------+
; Analysis & Synthesis      ; DESKTOP-0ER8RLD  ; Windows 8 ; 6.2        ; x86_64         ;
; Fitter                    ; DESKTOP-0ER8RLD  ; Windows 8 ; 6.2        ; x86_64         ;
; Assembler                 ; DESKTOP-0ER8RLD  ; Windows 8 ; 6.2        ; x86_64         ;
; PowerPlay Power Analyzer  ; DESKTOP-0ER8RLD  ; Windows 8 ; 6.2        ; x86_64         ;
; TimeQuest Timing Analyzer ; DESKTOP-0ER8RLD  ; Windows 8 ; 6.2        ; x86_64         ;
; EDA Netlist Writer        ; DESKTOP-0ER8RLD  ; Windows 8 ; 6.2        ; x86_64         ;
+---------------------------+------------------+-----------+------------+----------------+


------------
; Flow Log ;
------------
quartus_map --read_settings_files=on --write_settings_files=off lgdst_rxglue -c lgdst_rxglue
quartus_fit --read_settings_files=off --write_settings_files=off lgdst_rxglue -c lgdst_rxglue
quartus_asm --read_settings_files=off --write_settings_files=off lgdst_rxglue -c lgdst_rxglue
quartus_pow --read_settings_files=off --write_settings_files=off lgdst_rxglue -c lgdst_rxglue
quartus_sta lgdst_rxglue -c lgdst_rxglue
quartus_eda --read_settings_files=off --write_settings_files=off lgdst_rxglue -c lgdst_rxglue



