TimeQuest Timing Analyzer report for lgdst_rxglue_ev
Wed Feb 24 07:46:18 2016
Quartus Prime Version 15.1.0 Build 185 10/21/2015 SJ Standard Edition


---------------------
; Table of Contents ;
---------------------
  1. Legal Notice
  2. TimeQuest Timing Analyzer Summary
  3. Parallel Compilation
  4. SDC File List
  5. Clocks
  6. Fmax Summary
  7. Setup Summary
  8. Hold Summary
  9. Recovery Summary
 10. Removal Summary
 11. Minimum Pulse Width Summary
 12. Setup: 'clk'
 13. Hold: 'clk'
 14. Setup Transfers
 15. Hold Transfers
 16. Report TCCS
 17. Report RSKM
 18. Unconstrained Paths Summary
 19. Clock Status Summary
 20. Unconstrained Input Ports
 21. Unconstrained Output Ports
 22. Unconstrained Input Ports
 23. Unconstrained Output Ports
 24. TimeQuest Timing Analyzer Messages



----------------
; Legal Notice ;
----------------
Copyright (C) 1991-2015 Altera Corporation. All rights reserved.
Your use of Altera Corporation's design tools, logic functions 
and other software and tools, and its AMPP partner logic 
functions, and any output files from any of the foregoing 
(including device programming or simulation files), and any 
associated documentation or information are expressly subject 
to the terms and conditions of the Altera Program License 
Subscription Agreement, the Altera Quartus Prime License Agreement,
the Altera MegaCore Function License Agreement, or other 
applicable license agreement, including, without limitation, 
that your use is for the sole purpose of programming logic 
devices manufactured by Altera and sold by Altera or its 
authorized distributors.  Please refer to the applicable 
agreement for further details.



+---------------------------------------------------------------------------------+
; TimeQuest Timing Analyzer Summary                                               ;
+-----------------------+---------------------------------------------------------+
; Quartus Prime Version ; Version 15.1.0 Build 185 10/21/2015 SJ Standard Edition ;
; Timing Analyzer       ; TimeQuest                                               ;
; Revision Name         ; lgdst_rxglue_ev                                         ;
; Device Family         ; MAX V                                                   ;
; Device Name           ; 5M570ZF256C5                                            ;
; Timing Models         ; Final                                                   ;
; Delay Model           ; Slow Model                                              ;
; Rise/Fall Delays      ; Unavailable                                             ;
+-----------------------+---------------------------------------------------------+


+------------------------------------------+
; Parallel Compilation                     ;
+----------------------------+-------------+
; Processors                 ; Number      ;
+----------------------------+-------------+
; Number detected on machine ; 12          ;
; Maximum allowed            ; 6           ;
;                            ;             ;
; Average used               ; 1.00        ;
; Maximum used               ; 2           ;
;                            ;             ;
; Usage by Processor         ; % Time Used ;
;     Processor 1            ; 100.0%      ;
;     Processor 2            ; < 0.1%      ;
+----------------------------+-------------+


+-------------------------------------------------------------+
; SDC File List                                               ;
+-------------------------+--------+--------------------------+
; SDC File Path           ; Status ; Read at                  ;
+-------------------------+--------+--------------------------+
; ../rtl/lgdst_rxglue.sdc ; OK     ; Wed Feb 24 07:46:18 2016 ;
+-------------------------+--------+--------------------------+


+---------------------------------------------------------------------------------------------------------------------------------------------------------------------------------+
; Clocks                                                                                                                                                                          ;
+------------+------+--------+-----------+-------+--------+------------+-----------+-------------+-------+--------+-----------+------------+----------+--------+--------+---------+
; Clock Name ; Type ; Period ; Frequency ; Rise  ; Fall   ; Duty Cycle ; Divide by ; Multiply by ; Phase ; Offset ; Edge List ; Edge Shift ; Inverted ; Master ; Source ; Targets ;
+------------+------+--------+-----------+-------+--------+------------+-----------+-------------+-------+--------+-----------+------------+----------+--------+--------+---------+
; clk        ; Base ; 20.000 ; 50.0 MHz  ; 0.000 ; 10.000 ;            ;           ;             ;       ;        ;           ;            ;          ;        ;        ; { clk } ;
+------------+------+--------+-----------+-------+--------+------------+-----------+-------------+-------+--------+-----------+------------+----------+--------+--------+---------+


+------------------------------------------------+
; Fmax Summary                                   ;
+----------+-----------------+------------+------+
; Fmax     ; Restricted Fmax ; Clock Name ; Note ;
+----------+-----------------+------------+------+
; 45.8 MHz ; 45.8 MHz        ; clk        ;      ;
+----------+-----------------+------------+------+
This panel reports FMAX for every clock in the design, regardless of the user-specified clock periods.  FMAX is only computed for paths where the source and destination registers or ports are driven by the same clock.  Paths of different clocks, including generated clocks, are ignored.  For paths between a clock and its inversion, FMAX is computed as if the rising and falling edges are scaled along with FMAX, such that the duty cycle (in terms of a percentage) is maintained. Altera recommends that you always use clock constraints and other slack reports for sign-off analysis.


+--------------------------------+
; Setup Summary                  ;
+-------+--------+---------------+
; Clock ; Slack  ; End Point TNS ;
+-------+--------+---------------+
; clk   ; -1.834 ; -3.646        ;
+-------+--------+---------------+


+-------------------------------+
; Hold Summary                  ;
+-------+-------+---------------+
; Clock ; Slack ; End Point TNS ;
+-------+-------+---------------+
; clk   ; 3.365 ; 0.000         ;
+-------+-------+---------------+


--------------------
; Recovery Summary ;
--------------------
No paths to report.


-------------------
; Removal Summary ;
-------------------
No paths to report.


+-------------------------------+
; Minimum Pulse Width Summary   ;
+-------+-------+---------------+
; Clock ; Slack ; End Point TNS ;
+-------+-------+---------------+
; clk   ; 9.661 ; 0.000         ;
+-------+-------+---------------+


+------------------------------------------------------------------------------------------------------------------------+
; Setup: 'clk'                                                                                                           ;
+--------+--------------------+--------------------+--------------+-------------+--------------+------------+------------+
; Slack  ; From Node          ; To Node            ; Launch Clock ; Latch Clock ; Relationship ; Clock Skew ; Data Delay ;
+--------+--------------------+--------------------+--------------+-------------+--------------+------------+------------+
; -1.834 ; spi0_ck_sync[0]    ; spi0_ck_cnt[2]     ; clk          ; clk         ; 20.000       ; 0.000      ; 21.513     ;
; -1.700 ; spi0_ck_sync[0]    ; spi0_ck_cnt[3]     ; clk          ; clk         ; 20.000       ; 0.000      ; 21.379     ;
; -0.014 ; ts_wr_sync[0]      ; ts_spi_buf[7]      ; clk          ; clk         ; 20.000       ; 0.000      ; 19.693     ;
; -0.014 ; ts_wr_sync[0]      ; ts_spi_buf[6]      ; clk          ; clk         ; 20.000       ; 0.000      ; 19.693     ;
; -0.014 ; ts_wr_sync[0]      ; ts_spi_buf[5]      ; clk          ; clk         ; 20.000       ; 0.000      ; 19.693     ;
; -0.014 ; ts_wr_sync[0]      ; ts_spi_buf[4]      ; clk          ; clk         ; 20.000       ; 0.000      ; 19.693     ;
; -0.014 ; ts_wr_sync[0]      ; ts_spi_buf[3]      ; clk          ; clk         ; 20.000       ; 0.000      ; 19.693     ;
; -0.014 ; ts_wr_sync[0]      ; ts_spi_buf[2]      ; clk          ; clk         ; 20.000       ; 0.000      ; 19.693     ;
; -0.014 ; ts_wr_sync[0]      ; ts_spi_buf[1]      ; clk          ; clk         ; 20.000       ; 0.000      ; 19.693     ;
; -0.014 ; ts_wr_sync[0]      ; ts_spi_buf[0]      ; clk          ; clk         ; 20.000       ; 0.000      ; 19.693     ;
; 0.672  ; spi0_ck_cnt[2]     ; spi0_ck_cnt[2]     ; clk          ; clk         ; 20.000       ; 0.000      ; 19.007     ;
; 0.716  ; spi0_ck_cnt[3]     ; spi0_ck_cnt[2]     ; clk          ; clk         ; 20.000       ; 0.000      ; 18.963     ;
; 0.806  ; spi0_ck_cnt[2]     ; spi0_ck_cnt[3]     ; clk          ; clk         ; 20.000       ; 0.000      ; 18.873     ;
; 0.850  ; spi0_ck_cnt[3]     ; spi0_ck_cnt[3]     ; clk          ; clk         ; 20.000       ; 0.000      ; 18.829     ;
; 1.506  ; spi0_ck_cnt[0]     ; spi0_ck_cnt[2]     ; clk          ; clk         ; 20.000       ; 0.000      ; 18.173     ;
; 1.640  ; spi0_ck_cnt[0]     ; spi0_ck_cnt[3]     ; clk          ; clk         ; 20.000       ; 0.000      ; 18.039     ;
; 2.391  ; spi0_ck_cnt[1]     ; spi0_ck_cnt[2]     ; clk          ; clk         ; 20.000       ; 0.000      ; 17.288     ;
; 2.525  ; spi0_ck_cnt[1]     ; spi0_ck_cnt[3]     ; clk          ; clk         ; 20.000       ; 0.000      ; 17.154     ;
; 3.473  ; spi0_ck_sync[0]    ; spi0_ck_cnt[1]     ; clk          ; clk         ; 20.000       ; 0.000      ; 16.206     ;
; 3.512  ; spi0_ck_cnt[2]     ; ad_spi_rw          ; clk          ; clk         ; 20.000       ; 0.000      ; 16.167     ;
; 3.556  ; spi0_ck_cnt[3]     ; ad_spi_rw          ; clk          ; clk         ; 20.000       ; 0.000      ; 16.123     ;
; 4.459  ; spi0_ck_sync[0]    ; spi0_ck_cnt[0]     ; clk          ; clk         ; 20.000       ; 0.000      ; 15.220     ;
; 5.005  ; spi0_ck_sync[1]    ; spi0_ck_cnt[2]     ; clk          ; clk         ; 20.000       ; 0.000      ; 14.674     ;
; 5.139  ; spi0_ck_sync[1]    ; spi0_ck_cnt[3]     ; clk          ; clk         ; 20.000       ; 0.000      ; 14.540     ;
; 5.215  ; spi0_ck_sync[0]    ; ad_spi_rw          ; clk          ; clk         ; 20.000       ; 0.000      ; 14.464     ;
; 5.231  ; spi0_ck_cnt[1]     ; ad_spi_rw          ; clk          ; clk         ; 20.000       ; 0.000      ; 14.448     ;
; 5.496  ; spi0_ck_sync[1]    ; ad_spi_oe_b        ; clk          ; clk         ; 20.000       ; 0.000      ; 14.183     ;
; 5.649  ; spi0_ck_sync[1]    ; ad_spi_rw          ; clk          ; clk         ; 20.000       ; 0.000      ; 14.030     ;
; 5.979  ; spi0_ck_cnt[2]     ; spi0_ck_cnt[1]     ; clk          ; clk         ; 20.000       ; 0.000      ; 13.700     ;
; 6.023  ; spi0_ck_cnt[3]     ; spi0_ck_cnt[1]     ; clk          ; clk         ; 20.000       ; 0.000      ; 13.656     ;
; 6.242  ; ts_wr_sync[0]      ; ts_wr_sync[1]      ; clk          ; clk         ; 20.000       ; 0.000      ; 13.437     ;
; 6.540  ; spi0_ck_cnt[0]     ; ad_spi_rw          ; clk          ; clk         ; 20.000       ; 0.000      ; 13.139     ;
; 6.813  ; spi0_ck_cnt[0]     ; spi0_ck_cnt[1]     ; clk          ; clk         ; 20.000       ; 0.000      ; 12.866     ;
; 6.965  ; spi0_ck_cnt[2]     ; spi0_ck_cnt[0]     ; clk          ; clk         ; 20.000       ; 0.000      ; 12.714     ;
; 7.009  ; spi0_ck_cnt[3]     ; spi0_ck_cnt[0]     ; clk          ; clk         ; 20.000       ; 0.000      ; 12.670     ;
; 7.165  ; ts_wr_sync[0]      ; ts_spi_buf_vld     ; clk          ; clk         ; 20.000       ; 0.000      ; 12.514     ;
; 7.698  ; spi0_ck_cnt[1]     ; spi0_ck_cnt[1]     ; clk          ; clk         ; 20.000       ; 0.000      ; 11.981     ;
; 7.799  ; spi0_ck_cnt[0]     ; spi0_ck_cnt[0]     ; clk          ; clk         ; 20.000       ; 0.000      ; 11.880     ;
; 8.462  ; ts_wr_sync[1]      ; ts_spi_buf[7]      ; clk          ; clk         ; 20.000       ; 0.000      ; 11.217     ;
; 8.462  ; ts_wr_sync[1]      ; ts_spi_buf[6]      ; clk          ; clk         ; 20.000       ; 0.000      ; 11.217     ;
; 8.462  ; ts_wr_sync[1]      ; ts_spi_buf[5]      ; clk          ; clk         ; 20.000       ; 0.000      ; 11.217     ;
; 8.462  ; ts_wr_sync[1]      ; ts_spi_buf[4]      ; clk          ; clk         ; 20.000       ; 0.000      ; 11.217     ;
; 8.462  ; ts_wr_sync[1]      ; ts_spi_buf[3]      ; clk          ; clk         ; 20.000       ; 0.000      ; 11.217     ;
; 8.462  ; ts_wr_sync[1]      ; ts_spi_buf[2]      ; clk          ; clk         ; 20.000       ; 0.000      ; 11.217     ;
; 8.462  ; ts_wr_sync[1]      ; ts_spi_buf[1]      ; clk          ; clk         ; 20.000       ; 0.000      ; 11.217     ;
; 8.462  ; ts_wr_sync[1]      ; ts_spi_buf[0]      ; clk          ; clk         ; 20.000       ; 0.000      ; 11.217     ;
; 8.684  ; spi0_ck_cnt[1]     ; spi0_ck_cnt[0]     ; clk          ; clk         ; 20.000       ; 0.000      ; 10.995     ;
; 8.772  ; spi0_ck_sync[0]    ; ad_spi_oe_b        ; clk          ; clk         ; 20.000       ; 0.000      ; 10.907     ;
; 9.130  ; spi0_csn_sync[1]   ; spi0_ck_cnt[3]     ; clk          ; clk         ; 20.000       ; 0.000      ; 10.549     ;
; 10.312 ; spi0_ck_sync[1]    ; spi0_ck_cnt[1]     ; clk          ; clk         ; 20.000       ; 0.000      ; 9.367      ;
; 10.755 ; ad_spi_oe_b        ; spi0_miso~reg0     ; clk          ; clk         ; 20.000       ; 0.000      ; 8.924      ;
; 10.986 ; spi5_spck_sync[0]  ; ts_spi_buf[7]      ; clk          ; clk         ; 20.000       ; 0.000      ; 8.693      ;
; 10.986 ; spi5_spck_sync[0]  ; ts_spi_buf[6]      ; clk          ; clk         ; 20.000       ; 0.000      ; 8.693      ;
; 10.986 ; spi5_spck_sync[0]  ; ts_spi_buf[5]      ; clk          ; clk         ; 20.000       ; 0.000      ; 8.693      ;
; 10.986 ; spi5_spck_sync[0]  ; ts_spi_buf[4]      ; clk          ; clk         ; 20.000       ; 0.000      ; 8.693      ;
; 10.986 ; spi5_spck_sync[0]  ; ts_spi_buf[3]      ; clk          ; clk         ; 20.000       ; 0.000      ; 8.693      ;
; 10.986 ; spi5_spck_sync[0]  ; ts_spi_buf[2]      ; clk          ; clk         ; 20.000       ; 0.000      ; 8.693      ;
; 10.986 ; spi5_spck_sync[0]  ; ts_spi_buf[1]      ; clk          ; clk         ; 20.000       ; 0.000      ; 8.693      ;
; 10.986 ; spi5_spck_sync[0]  ; ts_spi_buf[0]      ; clk          ; clk         ; 20.000       ; 0.000      ; 8.693      ;
; 11.200 ; spi0_csn_sync[1]   ; spi0_ck_cnt[1]     ; clk          ; clk         ; 20.000       ; 0.000      ; 8.479      ;
; 11.202 ; spi0_csn_sync[1]   ; spi0_ck_cnt[0]     ; clk          ; clk         ; 20.000       ; 0.000      ; 8.477      ;
; 11.298 ; spi0_ck_sync[1]    ; spi0_ck_cnt[0]     ; clk          ; clk         ; 20.000       ; 0.000      ; 8.381      ;
; 11.377 ; spi0_csn_sync[1]   ; spi0_ck_cnt[2]     ; clk          ; clk         ; 20.000       ; 0.000      ; 8.302      ;
; 12.172 ; ad_spi_rw          ; ad_spi_oe_b        ; clk          ; clk         ; 20.000       ; 0.000      ; 7.507      ;
; 12.922 ; spi0_ck_sync[0]    ; spi0_ck_sync[1]    ; clk          ; clk         ; 20.000       ; 0.000      ; 6.757      ;
; 13.236 ; ad_spi_oe_b        ; ad_spi_oe_b        ; clk          ; clk         ; 20.000       ; 0.000      ; 6.443      ;
; 14.176 ; ts_spi_buf_vld     ; ts_spi_buf_vld     ; clk          ; clk         ; 20.000       ; 0.000      ; 5.503      ;
; 14.187 ; ad_spi_rw          ; ad_spi_rw          ; clk          ; clk         ; 20.000       ; 0.000      ; 5.492      ;
; 14.209 ; ts_spi_buf[6]      ; ts_spi_buf[7]      ; clk          ; clk         ; 20.000       ; 0.000      ; 5.470      ;
; 14.209 ; ts_spi_buf[4]      ; ts_spi_buf[5]      ; clk          ; clk         ; 20.000       ; 0.000      ; 5.470      ;
; 14.233 ; spi5_spck_sync[1]  ; ts_spi_buf[7]      ; clk          ; clk         ; 20.000       ; 0.000      ; 5.446      ;
; 14.233 ; spi5_spck_sync[1]  ; ts_spi_buf[6]      ; clk          ; clk         ; 20.000       ; 0.000      ; 5.446      ;
; 14.233 ; spi5_spck_sync[1]  ; ts_spi_buf[5]      ; clk          ; clk         ; 20.000       ; 0.000      ; 5.446      ;
; 14.233 ; spi5_spck_sync[1]  ; ts_spi_buf[4]      ; clk          ; clk         ; 20.000       ; 0.000      ; 5.446      ;
; 14.233 ; spi5_spck_sync[1]  ; ts_spi_buf[3]      ; clk          ; clk         ; 20.000       ; 0.000      ; 5.446      ;
; 14.233 ; spi5_spck_sync[1]  ; ts_spi_buf[2]      ; clk          ; clk         ; 20.000       ; 0.000      ; 5.446      ;
; 14.233 ; spi5_spck_sync[1]  ; ts_spi_buf[1]      ; clk          ; clk         ; 20.000       ; 0.000      ; 5.446      ;
; 14.233 ; spi5_spck_sync[1]  ; ts_spi_buf[0]      ; clk          ; clk         ; 20.000       ; 0.000      ; 5.446      ;
; 14.281 ; spi5_npcs0_sync[0] ; ts_spi_buf_vld     ; clk          ; clk         ; 20.000       ; 0.000      ; 5.398      ;
; 14.375 ; spi0_csn_sync[1]   ; ad_spi_oe_b        ; clk          ; clk         ; 20.000       ; 0.000      ; 5.304      ;
; 14.394 ; ts_spi_buf[7]      ; ts_spi_buf[0]      ; clk          ; clk         ; 20.000       ; 0.000      ; 5.285      ;
; 14.398 ; ts_spi_buf[5]      ; ts_spi_buf[6]      ; clk          ; clk         ; 20.000       ; 0.000      ; 5.281      ;
; 14.852 ; spi0_csn_sync[0]   ; ad_spi_oe_b        ; clk          ; clk         ; 20.000       ; 0.000      ; 4.827      ;
; 15.466 ; spi5_spck_sync[0]  ; spi5_spck_sync[1]  ; clk          ; clk         ; 20.000       ; 0.000      ; 4.213      ;
; 15.641 ; ts_wr_sync[1]      ; ts_spi_buf_vld     ; clk          ; clk         ; 20.000       ; 0.000      ; 4.038      ;
; 15.837 ; spi5_npcs0_sync[1] ; ts_spi_buf_vld     ; clk          ; clk         ; 20.000       ; 0.000      ; 3.842      ;
; 15.871 ; ts_spi_buf[2]      ; ts_spi_buf[3]      ; clk          ; clk         ; 20.000       ; 0.000      ; 3.808      ;
; 15.874 ; ts_spi_buf[3]      ; ts_spi_buf[4]      ; clk          ; clk         ; 20.000       ; 0.000      ; 3.805      ;
; 15.874 ; ts_spi_buf[0]      ; ts_spi_buf[1]      ; clk          ; clk         ; 20.000       ; 0.000      ; 3.805      ;
; 15.887 ; ts_spi_buf[1]      ; ts_spi_buf[2]      ; clk          ; clk         ; 20.000       ; 0.000      ; 3.792      ;
; 16.151 ; spi5_npcs0_sync[0] ; spi5_npcs0_sync[1] ; clk          ; clk         ; 20.000       ; 0.000      ; 3.528      ;
; 16.247 ; spi0_csn_sync[1]   ; ad_spi_rw          ; clk          ; clk         ; 20.000       ; 0.000      ; 3.432      ;
; 16.260 ; spi0_csn_sync[0]   ; spi0_csn_sync[1]   ; clk          ; clk         ; 20.000       ; 0.000      ; 3.419      ;
; 16.275 ; spi0_mosi_sync[0]  ; spi0_mosi_sync[1]  ; clk          ; clk         ; 20.000       ; 0.000      ; 3.404      ;
+--------+--------------------+--------------------+--------------+-------------+--------------+------------+------------+


+------------------------------------------------------------------------------------------------------------------------+
; Hold: 'clk'                                                                                                            ;
+--------+--------------------+--------------------+--------------+-------------+--------------+------------+------------+
; Slack  ; From Node          ; To Node            ; Launch Clock ; Latch Clock ; Relationship ; Clock Skew ; Data Delay ;
+--------+--------------------+--------------------+--------------+-------------+--------------+------------+------------+
; 3.365  ; spi0_mosi_sync[0]  ; spi0_mosi_sync[1]  ; clk          ; clk         ; 0.000        ; 0.000      ; 3.404      ;
; 3.380  ; spi0_csn_sync[0]   ; spi0_csn_sync[1]   ; clk          ; clk         ; 0.000        ; 0.000      ; 3.419      ;
; 3.393  ; spi0_csn_sync[1]   ; ad_spi_rw          ; clk          ; clk         ; 0.000        ; 0.000      ; 3.432      ;
; 3.489  ; spi5_npcs0_sync[0] ; spi5_npcs0_sync[1] ; clk          ; clk         ; 0.000        ; 0.000      ; 3.528      ;
; 3.753  ; ts_spi_buf[1]      ; ts_spi_buf[2]      ; clk          ; clk         ; 0.000        ; 0.000      ; 3.792      ;
; 3.766  ; ts_spi_buf[3]      ; ts_spi_buf[4]      ; clk          ; clk         ; 0.000        ; 0.000      ; 3.805      ;
; 3.766  ; ts_spi_buf[0]      ; ts_spi_buf[1]      ; clk          ; clk         ; 0.000        ; 0.000      ; 3.805      ;
; 3.769  ; ts_spi_buf[2]      ; ts_spi_buf[3]      ; clk          ; clk         ; 0.000        ; 0.000      ; 3.808      ;
; 3.803  ; spi5_npcs0_sync[1] ; ts_spi_buf_vld     ; clk          ; clk         ; 0.000        ; 0.000      ; 3.842      ;
; 3.999  ; ts_wr_sync[1]      ; ts_spi_buf_vld     ; clk          ; clk         ; 0.000        ; 0.000      ; 4.038      ;
; 4.174  ; spi5_spck_sync[0]  ; spi5_spck_sync[1]  ; clk          ; clk         ; 0.000        ; 0.000      ; 4.213      ;
; 4.788  ; spi0_csn_sync[0]   ; ad_spi_oe_b        ; clk          ; clk         ; 0.000        ; 0.000      ; 4.827      ;
; 5.242  ; ts_spi_buf[5]      ; ts_spi_buf[6]      ; clk          ; clk         ; 0.000        ; 0.000      ; 5.281      ;
; 5.246  ; ts_spi_buf[7]      ; ts_spi_buf[0]      ; clk          ; clk         ; 0.000        ; 0.000      ; 5.285      ;
; 5.265  ; spi0_csn_sync[1]   ; ad_spi_oe_b        ; clk          ; clk         ; 0.000        ; 0.000      ; 5.304      ;
; 5.359  ; spi5_npcs0_sync[0] ; ts_spi_buf_vld     ; clk          ; clk         ; 0.000        ; 0.000      ; 5.398      ;
; 5.407  ; spi5_spck_sync[1]  ; ts_spi_buf[7]      ; clk          ; clk         ; 0.000        ; 0.000      ; 5.446      ;
; 5.407  ; spi5_spck_sync[1]  ; ts_spi_buf[6]      ; clk          ; clk         ; 0.000        ; 0.000      ; 5.446      ;
; 5.407  ; spi5_spck_sync[1]  ; ts_spi_buf[5]      ; clk          ; clk         ; 0.000        ; 0.000      ; 5.446      ;
; 5.407  ; spi5_spck_sync[1]  ; ts_spi_buf[4]      ; clk          ; clk         ; 0.000        ; 0.000      ; 5.446      ;
; 5.407  ; spi5_spck_sync[1]  ; ts_spi_buf[3]      ; clk          ; clk         ; 0.000        ; 0.000      ; 5.446      ;
; 5.407  ; spi5_spck_sync[1]  ; ts_spi_buf[2]      ; clk          ; clk         ; 0.000        ; 0.000      ; 5.446      ;
; 5.407  ; spi5_spck_sync[1]  ; ts_spi_buf[1]      ; clk          ; clk         ; 0.000        ; 0.000      ; 5.446      ;
; 5.407  ; spi5_spck_sync[1]  ; ts_spi_buf[0]      ; clk          ; clk         ; 0.000        ; 0.000      ; 5.446      ;
; 5.431  ; ts_spi_buf[6]      ; ts_spi_buf[7]      ; clk          ; clk         ; 0.000        ; 0.000      ; 5.470      ;
; 5.431  ; ts_spi_buf[4]      ; ts_spi_buf[5]      ; clk          ; clk         ; 0.000        ; 0.000      ; 5.470      ;
; 5.453  ; ad_spi_rw          ; ad_spi_rw          ; clk          ; clk         ; 0.000        ; 0.000      ; 5.492      ;
; 5.464  ; ts_spi_buf_vld     ; ts_spi_buf_vld     ; clk          ; clk         ; 0.000        ; 0.000      ; 5.503      ;
; 6.404  ; ad_spi_oe_b        ; ad_spi_oe_b        ; clk          ; clk         ; 0.000        ; 0.000      ; 6.443      ;
; 6.473  ; spi0_ck_sync[1]    ; spi0_ck_cnt[3]     ; clk          ; clk         ; 0.000        ; 0.000      ; 6.512      ;
; 6.718  ; spi0_ck_sync[0]    ; spi0_ck_sync[1]    ; clk          ; clk         ; 0.000        ; 0.000      ; 6.757      ;
; 7.383  ; ts_wr_sync[1]      ; ts_spi_buf[7]      ; clk          ; clk         ; 0.000        ; 0.000      ; 7.422      ;
; 7.391  ; ts_wr_sync[1]      ; ts_spi_buf[5]      ; clk          ; clk         ; 0.000        ; 0.000      ; 7.430      ;
; 7.393  ; ts_wr_sync[1]      ; ts_spi_buf[6]      ; clk          ; clk         ; 0.000        ; 0.000      ; 7.432      ;
; 7.397  ; ts_wr_sync[1]      ; ts_spi_buf[0]      ; clk          ; clk         ; 0.000        ; 0.000      ; 7.436      ;
; 7.468  ; ad_spi_rw          ; ad_spi_oe_b        ; clk          ; clk         ; 0.000        ; 0.000      ; 7.507      ;
; 7.490  ; spi0_ck_cnt[3]     ; spi0_ck_cnt[3]     ; clk          ; clk         ; 0.000        ; 0.000      ; 7.529      ;
; 7.902  ; spi0_ck_cnt[0]     ; spi0_ck_cnt[0]     ; clk          ; clk         ; 0.000        ; 0.000      ; 7.941      ;
; 8.263  ; spi0_csn_sync[1]   ; spi0_ck_cnt[2]     ; clk          ; clk         ; 0.000        ; 0.000      ; 8.302      ;
; 8.317  ; spi0_ck_sync[1]    ; spi0_ck_cnt[1]     ; clk          ; clk         ; 0.000        ; 0.000      ; 8.356      ;
; 8.342  ; spi0_ck_sync[1]    ; spi0_ck_cnt[0]     ; clk          ; clk         ; 0.000        ; 0.000      ; 8.381      ;
; 8.438  ; spi0_csn_sync[1]   ; spi0_ck_cnt[0]     ; clk          ; clk         ; 0.000        ; 0.000      ; 8.477      ;
; 8.440  ; spi0_csn_sync[1]   ; spi0_ck_cnt[1]     ; clk          ; clk         ; 0.000        ; 0.000      ; 8.479      ;
; 8.654  ; spi5_spck_sync[0]  ; ts_spi_buf[7]      ; clk          ; clk         ; 0.000        ; 0.000      ; 8.693      ;
; 8.654  ; spi5_spck_sync[0]  ; ts_spi_buf[6]      ; clk          ; clk         ; 0.000        ; 0.000      ; 8.693      ;
; 8.654  ; spi5_spck_sync[0]  ; ts_spi_buf[5]      ; clk          ; clk         ; 0.000        ; 0.000      ; 8.693      ;
; 8.654  ; spi5_spck_sync[0]  ; ts_spi_buf[4]      ; clk          ; clk         ; 0.000        ; 0.000      ; 8.693      ;
; 8.654  ; spi5_spck_sync[0]  ; ts_spi_buf[3]      ; clk          ; clk         ; 0.000        ; 0.000      ; 8.693      ;
; 8.654  ; spi5_spck_sync[0]  ; ts_spi_buf[2]      ; clk          ; clk         ; 0.000        ; 0.000      ; 8.693      ;
; 8.654  ; spi5_spck_sync[0]  ; ts_spi_buf[1]      ; clk          ; clk         ; 0.000        ; 0.000      ; 8.693      ;
; 8.654  ; spi5_spck_sync[0]  ; ts_spi_buf[0]      ; clk          ; clk         ; 0.000        ; 0.000      ; 8.693      ;
; 8.885  ; ad_spi_oe_b        ; spi0_miso~reg0     ; clk          ; clk         ; 0.000        ; 0.000      ; 8.924      ;
; 9.039  ; spi0_ck_cnt[0]     ; spi0_ck_cnt[3]     ; clk          ; clk         ; 0.000        ; 0.000      ; 9.078      ;
; 9.087  ; spi0_ck_cnt[1]     ; spi0_ck_cnt[3]     ; clk          ; clk         ; 0.000        ; 0.000      ; 9.126      ;
; 9.102  ; spi0_ck_cnt[0]     ; spi0_ck_cnt[1]     ; clk          ; clk         ; 0.000        ; 0.000      ; 9.141      ;
; 9.254  ; ts_wr_sync[1]      ; ts_spi_buf[4]      ; clk          ; clk         ; 0.000        ; 0.000      ; 9.293      ;
; 9.257  ; ts_wr_sync[1]      ; ts_spi_buf[3]      ; clk          ; clk         ; 0.000        ; 0.000      ; 9.296      ;
; 9.267  ; ts_wr_sync[1]      ; ts_spi_buf[1]      ; clk          ; clk         ; 0.000        ; 0.000      ; 9.306      ;
; 9.268  ; ts_wr_sync[1]      ; ts_spi_buf[2]      ; clk          ; clk         ; 0.000        ; 0.000      ; 9.307      ;
; 9.347  ; spi0_ck_cnt[2]     ; spi0_ck_cnt[3]     ; clk          ; clk         ; 0.000        ; 0.000      ; 9.386      ;
; 9.774  ; spi0_ck_cnt[2]     ; spi0_ck_cnt[2]     ; clk          ; clk         ; 0.000        ; 0.000      ; 9.813      ;
; 10.293 ; spi0_ck_cnt[0]     ; spi0_ck_cnt[2]     ; clk          ; clk         ; 0.000        ; 0.000      ; 10.332     ;
; 10.335 ; spi0_ck_sync[1]    ; spi0_ck_cnt[2]     ; clk          ; clk         ; 0.000        ; 0.000      ; 10.374     ;
; 10.510 ; spi0_csn_sync[1]   ; spi0_ck_cnt[3]     ; clk          ; clk         ; 0.000        ; 0.000      ; 10.549     ;
; 10.868 ; spi0_ck_sync[0]    ; ad_spi_oe_b        ; clk          ; clk         ; 0.000        ; 0.000      ; 10.907     ;
; 10.931 ; spi0_ck_cnt[1]     ; spi0_ck_cnt[1]     ; clk          ; clk         ; 0.000        ; 0.000      ; 10.970     ;
; 10.956 ; spi0_ck_cnt[1]     ; spi0_ck_cnt[0]     ; clk          ; clk         ; 0.000        ; 0.000      ; 10.995     ;
; 12.475 ; ts_wr_sync[0]      ; ts_spi_buf_vld     ; clk          ; clk         ; 0.000        ; 0.000      ; 12.514     ;
; 12.606 ; spi0_ck_cnt[3]     ; spi0_ck_cnt[1]     ; clk          ; clk         ; 0.000        ; 0.000      ; 12.645     ;
; 12.631 ; spi0_ck_cnt[3]     ; spi0_ck_cnt[0]     ; clk          ; clk         ; 0.000        ; 0.000      ; 12.670     ;
; 12.650 ; spi0_ck_cnt[2]     ; spi0_ck_cnt[1]     ; clk          ; clk         ; 0.000        ; 0.000      ; 12.689     ;
; 12.675 ; spi0_ck_cnt[2]     ; spi0_ck_cnt[0]     ; clk          ; clk         ; 0.000        ; 0.000      ; 12.714     ;
; 12.949 ; spi0_ck_cnt[1]     ; spi0_ck_cnt[2]     ; clk          ; clk         ; 0.000        ; 0.000      ; 12.988     ;
; 13.100 ; spi0_ck_cnt[0]     ; ad_spi_rw          ; clk          ; clk         ; 0.000        ; 0.000      ; 13.139     ;
; 13.312 ; spi0_ck_sync[0]    ; spi0_ck_cnt[3]     ; clk          ; clk         ; 0.000        ; 0.000      ; 13.351     ;
; 13.398 ; ts_wr_sync[0]      ; ts_wr_sync[1]      ; clk          ; clk         ; 0.000        ; 0.000      ; 13.437     ;
; 13.991 ; spi0_ck_sync[1]    ; ad_spi_rw          ; clk          ; clk         ; 0.000        ; 0.000      ; 14.030     ;
; 14.144 ; spi0_ck_sync[1]    ; ad_spi_oe_b        ; clk          ; clk         ; 0.000        ; 0.000      ; 14.183     ;
; 14.409 ; spi0_ck_cnt[1]     ; ad_spi_rw          ; clk          ; clk         ; 0.000        ; 0.000      ; 14.448     ;
; 14.425 ; spi0_ck_sync[0]    ; ad_spi_rw          ; clk          ; clk         ; 0.000        ; 0.000      ; 14.464     ;
; 14.624 ; spi0_ck_cnt[3]     ; spi0_ck_cnt[2]     ; clk          ; clk         ; 0.000        ; 0.000      ; 14.663     ;
; 15.156 ; spi0_ck_sync[0]    ; spi0_ck_cnt[1]     ; clk          ; clk         ; 0.000        ; 0.000      ; 15.195     ;
; 15.181 ; spi0_ck_sync[0]    ; spi0_ck_cnt[0]     ; clk          ; clk         ; 0.000        ; 0.000      ; 15.220     ;
; 15.859 ; ts_wr_sync[0]      ; ts_spi_buf[7]      ; clk          ; clk         ; 0.000        ; 0.000      ; 15.898     ;
; 15.867 ; ts_wr_sync[0]      ; ts_spi_buf[5]      ; clk          ; clk         ; 0.000        ; 0.000      ; 15.906     ;
; 15.869 ; ts_wr_sync[0]      ; ts_spi_buf[6]      ; clk          ; clk         ; 0.000        ; 0.000      ; 15.908     ;
; 15.873 ; ts_wr_sync[0]      ; ts_spi_buf[0]      ; clk          ; clk         ; 0.000        ; 0.000      ; 15.912     ;
; 16.084 ; spi0_ck_cnt[3]     ; ad_spi_rw          ; clk          ; clk         ; 0.000        ; 0.000      ; 16.123     ;
; 16.128 ; spi0_ck_cnt[2]     ; ad_spi_rw          ; clk          ; clk         ; 0.000        ; 0.000      ; 16.167     ;
; 17.174 ; spi0_ck_sync[0]    ; spi0_ck_cnt[2]     ; clk          ; clk         ; 0.000        ; 0.000      ; 17.213     ;
; 17.730 ; ts_wr_sync[0]      ; ts_spi_buf[4]      ; clk          ; clk         ; 0.000        ; 0.000      ; 17.769     ;
; 17.733 ; ts_wr_sync[0]      ; ts_spi_buf[3]      ; clk          ; clk         ; 0.000        ; 0.000      ; 17.772     ;
; 17.743 ; ts_wr_sync[0]      ; ts_spi_buf[1]      ; clk          ; clk         ; 0.000        ; 0.000      ; 17.782     ;
; 17.744 ; ts_wr_sync[0]      ; ts_spi_buf[2]      ; clk          ; clk         ; 0.000        ; 0.000      ; 17.783     ;
+--------+--------------------+--------------------+--------------+-------------+--------------+------------+------------+


+-------------------------------------------------------------------+
; Setup Transfers                                                   ;
+------------+----------+----------+----------+----------+----------+
; From Clock ; To Clock ; RR Paths ; FR Paths ; RF Paths ; FF Paths ;
+------------+----------+----------+----------+----------+----------+
; clk        ; clk      ; 198      ; 0        ; 0        ; 0        ;
+------------+----------+----------+----------+----------+----------+
Entries labeled "false path" only account for clock-to-clock false paths and not path-based false paths. As a result, actual path counts may be lower than reported.


+-------------------------------------------------------------------+
; Hold Transfers                                                    ;
+------------+----------+----------+----------+----------+----------+
; From Clock ; To Clock ; RR Paths ; FR Paths ; RF Paths ; FF Paths ;
+------------+----------+----------+----------+----------+----------+
; clk        ; clk      ; 198      ; 0        ; 0        ; 0        ;
+------------+----------+----------+----------+----------+----------+
Entries labeled "false path" only account for clock-to-clock false paths and not path-based false paths. As a result, actual path counts may be lower than reported.


---------------
; Report TCCS ;
---------------
No dedicated SERDES Transmitter circuitry present in device or used in design


---------------
; Report RSKM ;
---------------
No non-DPA dedicated SERDES Receiver circuitry present in device or used in design


+------------------------------------------------+
; Unconstrained Paths Summary                    ;
+---------------------------------+-------+------+
; Property                        ; Setup ; Hold ;
+---------------------------------+-------+------+
; Illegal Clocks                  ; 0     ; 0    ;
; Unconstrained Clocks            ; 2     ; 2    ;
; Unconstrained Input Ports       ; 9     ; 9    ;
; Unconstrained Input Port Paths  ; 28    ; 28   ;
; Unconstrained Output Ports      ; 5     ; 5    ;
; Unconstrained Output Port Paths ; 6     ; 6    ;
+---------------------------------+-------+------+


+------------------------------------------+
; Clock Status Summary                     ;
+-----------+-------+------+---------------+
; Target    ; Clock ; Type ; Status        ;
+-----------+-------+------+---------------+
; clk       ; clk   ; Base ; Constrained   ;
; spi5_spck ;       ; Base ; Unconstrained ;
; ts_clk    ;       ; Base ; Unconstrained ;
+-----------+-------+------+---------------+


+----------------------------------------------------------------------------------------------------+
; Unconstrained Input Ports                                                                          ;
+-------------+--------------------------------------------------------------------------------------+
; Input Port  ; Comment                                                                              ;
+-------------+--------------------------------------------------------------------------------------+
; ad_spi_sdio ; No input delay, min/max delays, false-path exceptions, or max skew assignments found ;
; spi0_mosi   ; No input delay, min/max delays, false-path exceptions, or max skew assignments found ;
; spi0_npcs0  ; No input delay, min/max delays, false-path exceptions, or max skew assignments found ;
; spi0_spck   ; No input delay, min/max delays, false-path exceptions, or max skew assignments found ;
; spi5_npcs0  ; No input delay, min/max delays, false-path exceptions, or max skew assignments found ;
; spi5_spck   ; No input delay, min/max delays, false-path exceptions, or max skew assignments found ;
; ts_d0       ; No input delay, min/max delays, false-path exceptions, or max skew assignments found ;
; ts_sync     ; No input delay, min/max delays, false-path exceptions, or max skew assignments found ;
; ts_valid    ; No input delay, min/max delays, false-path exceptions, or max skew assignments found ;
+-------------+--------------------------------------------------------------------------------------+


+-----------------------------------------------------------------------------------------------------+
; Unconstrained Output Ports                                                                          ;
+-------------+---------------------------------------------------------------------------------------+
; Output Port ; Comment                                                                               ;
+-------------+---------------------------------------------------------------------------------------+
; ad_spi_cs   ; No output delay, min/max delays, false-path exceptions, or max skew assignments found ;
; ad_spi_sclk ; No output delay, min/max delays, false-path exceptions, or max skew assignments found ;
; ad_spi_sdio ; No output delay, min/max delays, false-path exceptions, or max skew assignments found ;
; spi0_miso   ; No output delay, min/max delays, false-path exceptions, or max skew assignments found ;
; spi5_miso   ; No output delay, min/max delays, false-path exceptions, or max skew assignments found ;
+-------------+---------------------------------------------------------------------------------------+


+----------------------------------------------------------------------------------------------------+
; Unconstrained Input Ports                                                                          ;
+-------------+--------------------------------------------------------------------------------------+
; Input Port  ; Comment                                                                              ;
+-------------+--------------------------------------------------------------------------------------+
; ad_spi_sdio ; No input delay, min/max delays, false-path exceptions, or max skew assignments found ;
; spi0_mosi   ; No input delay, min/max delays, false-path exceptions, or max skew assignments found ;
; spi0_npcs0  ; No input delay, min/max delays, false-path exceptions, or max skew assignments found ;
; spi0_spck   ; No input delay, min/max delays, false-path exceptions, or max skew assignments found ;
; spi5_npcs0  ; No input delay, min/max delays, false-path exceptions, or max skew assignments found ;
; spi5_spck   ; No input delay, min/max delays, false-path exceptions, or max skew assignments found ;
; ts_d0       ; No input delay, min/max delays, false-path exceptions, or max skew assignments found ;
; ts_sync     ; No input delay, min/max delays, false-path exceptions, or max skew assignments found ;
; ts_valid    ; No input delay, min/max delays, false-path exceptions, or max skew assignments found ;
+-------------+--------------------------------------------------------------------------------------+


+-----------------------------------------------------------------------------------------------------+
; Unconstrained Output Ports                                                                          ;
+-------------+---------------------------------------------------------------------------------------+
; Output Port ; Comment                                                                               ;
+-------------+---------------------------------------------------------------------------------------+
; ad_spi_cs   ; No output delay, min/max delays, false-path exceptions, or max skew assignments found ;
; ad_spi_sclk ; No output delay, min/max delays, false-path exceptions, or max skew assignments found ;
; ad_spi_sdio ; No output delay, min/max delays, false-path exceptions, or max skew assignments found ;
; spi0_miso   ; No output delay, min/max delays, false-path exceptions, or max skew assignments found ;
; spi5_miso   ; No output delay, min/max delays, false-path exceptions, or max skew assignments found ;
+-------------+---------------------------------------------------------------------------------------+


+------------------------------------+
; TimeQuest Timing Analyzer Messages ;
+------------------------------------+
Info: *******************************************************************
Info: Running Quartus Prime TimeQuest Timing Analyzer
    Info: Version 15.1.0 Build 185 10/21/2015 SJ Standard Edition
    Info: Processing started: Wed Feb 24 07:46:17 2016
Info: Command: quartus_sta lgdst_rxglue_ev -c lgdst_rxglue_ev
Info: qsta_default_script.tcl version: #1
Info (20030): Parallel compilation is enabled and will use 6 of the 6 processors detected
Info (21077): Low junction temperature is 0 degrees C
Info (21077): High junction temperature is 85 degrees C
Info (334003): Started post-fitting delay annotation
Info (334004): Delay annotation completed successfully
Info (332104): Reading SDC File: '../rtl/lgdst_rxglue.sdc'
Warning (332060): Node: spi5_spck was determined to be a clock but was found without an associated clock assignment.
    Info (13166): Register spi5_miso~reg0 is being clocked by spi5_spck
Warning (332060): Node: ts_clk was determined to be a clock but was found without an associated clock assignment.
    Info (13166): Register ts_buf[7] is being clocked by ts_clk
Info: Found TIMEQUEST_REPORT_SCRIPT_INCLUDE_DEFAULT_ANALYSIS = ON
Info: Can't run Report Timing Closure Recommendations. The current device family is not supported.
Critical Warning (332148): Timing requirements not met
Info (332146): Worst-case setup slack is -1.834
    Info (332119):     Slack       End Point TNS Clock 
    Info (332119): ========= =================== =====================
    Info (332119):    -1.834              -3.646 clk 
Info (332146): Worst-case hold slack is 3.365
    Info (332119):     Slack       End Point TNS Clock 
    Info (332119): ========= =================== =====================
    Info (332119):     3.365               0.000 clk 
Info (332140): No Recovery paths to report
Info (332140): No Removal paths to report
Info (332146): Worst-case minimum pulse width slack is 9.661
    Info (332119):     Slack       End Point TNS Clock 
    Info (332119): ========= =================== =====================
    Info (332119):     9.661               0.000 clk 
Info (332001): The selected device family is not supported by the report_metastability command.
Info (332102): Design is not fully constrained for setup requirements
Info (332102): Design is not fully constrained for hold requirements
Info: Quartus Prime TimeQuest Timing Analyzer was successful. 0 errors, 3 warnings
    Info: Peak virtual memory: 721 megabytes
    Info: Processing ended: Wed Feb 24 07:46:18 2016
    Info: Elapsed time: 00:00:01
    Info: Total CPU time (on all processors): 00:00:01


