Flow report for lgdst_rxglue_ev
Wed Feb 24 07:46:18 2016
Quartus Prime Version 15.1.0 Build 185 10/21/2015 SJ Standard Edition


---------------------
; Table of Contents ;
---------------------
  1. Legal Notice
  2. Flow Summary
  3. Flow Settings
  4. Flow Non-Default Global Settings
  5. Flow Elapsed Time
  6. Flow OS Summary
  7. Flow Log
  8. Flow Messages
  9. Flow Suppressed Messages



----------------
; Legal Notice ;
----------------
Copyright (C) 1991-2015 Altera Corporation. All rights reserved.
Your use of Altera Corporation's design tools, logic functions 
and other software and tools, and its AMPP partner logic 
functions, and any output files from any of the foregoing 
(including device programming or simulation files), and any 
associated documentation or information are expressly subject 
to the terms and conditions of the Altera Program License 
Subscription Agreement, the Altera Quartus Prime License Agreement,
the Altera MegaCore Function License Agreement, or other 
applicable license agreement, including, without limitation, 
that your use is for the sole purpose of programming logic 
devices manufactured by Altera and sold by Altera or its 
authorized distributors.  Please refer to the applicable 
agreement for further details.



+-------------------------------------------------------------------------+
; Flow Summary                                                            ;
+-----------------------+-------------------------------------------------+
; Flow Status           ; Successful - Wed Feb 24 07:46:12 2016           ;
; Quartus Prime Version ; 15.1.0 Build 185 10/21/2015 SJ Standard Edition ;
; Revision Name         ; lgdst_rxglue_ev                                 ;
; Top-level Entity Name ; lgdst_rxglue                                    ;
; Family                ; MAX V                                           ;
; Device                ; 5M570ZF256C5                                    ;
; Timing Models         ; Final                                           ;
; Total logic elements  ; 53 / 570 ( 9 % )                                ;
; Total pins            ; 16 / 159 ( 10 % )                               ;
; Total virtual pins    ; 0                                               ;
; UFM blocks            ; 0 / 1 ( 0 % )                                   ;
+-----------------------+-------------------------------------------------+


+-----------------------------------------+
; Flow Settings                           ;
+-------------------+---------------------+
; Option            ; Setting             ;
+-------------------+---------------------+
; Start date & time ; 02/24/2016 07:45:46 ;
; Main task         ; Compilation         ;
; Revision Name     ; lgdst_rxglue_ev     ;
+-------------------+---------------------+


+--------------------------------------------------------------------------------------------------------------+
; Flow Non-Default Global Settings                                                                             ;
+-------------------------------+---------------------------------+-----------------+-------------+------------+
; Assignment Name               ; Value                           ; Default Value   ; Entity Name ; Section Id ;
+-------------------------------+---------------------------------+-----------------+-------------+------------+
; COMPILER_SIGNATURE_ID         ; 154680243601822.145632874605516 ; --              ; --          ; --         ;
; MAX_CORE_JUNCTION_TEMP        ; 85                              ; --              ; --          ; --         ;
; MIN_CORE_JUNCTION_TEMP        ; 0                               ; --              ; --          ; --         ;
; POWER_PRESET_COOLING_SOLUTION ; No Heat Sink With Still Air     ; --              ; --          ; --         ;
; PROJECT_OUTPUT_DIRECTORY      ; output_files                    ; --              ; --          ; --         ;
; TOP_LEVEL_ENTITY              ; lgdst_rxglue                    ; lgdst_rxglue_ev ; --          ; --         ;
+-------------------------------+---------------------------------+-----------------+-------------+------------+


+-------------------------------------------------------------------------------------------------------------------------------+
; Flow Elapsed Time                                                                                                             ;
+---------------------------+--------------+-------------------------+---------------------+------------------------------------+
; Module Name               ; Elapsed Time ; Average Processors Used ; Peak Virtual Memory ; Total CPU Time (on all processors) ;
+---------------------------+--------------+-------------------------+---------------------+------------------------------------+
; Analysis & Synthesis      ; 00:00:11     ; 1.0                     ; 739 MB              ; 00:00:23                           ;
; Fitter                    ; 00:00:06     ; 1.0                     ; 1543 MB             ; 00:00:02                           ;
; Assembler                 ; 00:00:00     ; 1.0                     ; 690 MB              ; 00:00:01                           ;
; TimeQuest Timing Analyzer ; 00:00:01     ; 1.0                     ; 721 MB              ; 00:00:01                           ;
; Total                     ; 00:00:18     ; --                      ; --                  ; 00:00:27                           ;
+---------------------------+--------------+-------------------------+---------------------+------------------------------------+


+----------------------------------------------------------------------------------------+
; Flow OS Summary                                                                        ;
+---------------------------+------------------+-----------+------------+----------------+
; Module Name               ; Machine Hostname ; OS Name   ; OS Version ; Processor type ;
+---------------------------+------------------+-----------+------------+----------------+
; Analysis & Synthesis      ; jhon-PC          ; Windows 7 ; 6.1        ; x86_64         ;
; Fitter                    ; jhon-PC          ; Windows 7 ; 6.1        ; x86_64         ;
; Assembler                 ; jhon-PC          ; Windows 7 ; 6.1        ; x86_64         ;
; TimeQuest Timing Analyzer ; jhon-PC          ; Windows 7 ; 6.1        ; x86_64         ;
+---------------------------+------------------+-----------+------------+----------------+


------------
; Flow Log ;
------------
quartus_map --read_settings_files=on --write_settings_files=off lgdst_rxglue_ev -c lgdst_rxglue_ev
quartus_fit --read_settings_files=off --write_settings_files=off lgdst_rxglue_ev -c lgdst_rxglue_ev
quartus_asm --read_settings_files=off --write_settings_files=off lgdst_rxglue_ev -c lgdst_rxglue_ev
quartus_sta lgdst_rxglue_ev -c lgdst_rxglue_ev



